{"c:\\Users\\khurana\\Desktop\\devops\\MiniProject1-vkhuran2\\www\\js\\test.js":{"path":"c:\\Users\\khurana\\Desktop\\devops\\MiniProject1-vkhuran2\\www\\js\\test.js","s":{"1":1,"2":0,"3":0},"b":{},"f":{},"fnMap":{},"statementMap":{"1":{"start":{"line":1,"column":0},"end":{"line":1,"column":31}},"2":{"start":{"line":2,"column":0},"end":{"line":2,"column":30}},"3":{"start":{"line":3,"column":0},"end":{"line":3,"column":29}}},"branchMap":{}},"c:\\Users\\khurana\\Desktop\\devops\\MiniProject1-vkhuran2\\www\\js\\site.js":{"path":"c:\\Users\\khurana\\Desktop\\devops\\MiniProject1-vkhuran2\\www\\js\\site.js","s":{"1":1,"2":1,"3":0,"4":0,"5":0,"6":0,"7":0,"8":0,"9":0,"10":0,"11":0,"12":0,"13":0,"14":0,"15":0,"16":0,"17":0,"18":0,"19":0,"20":0,"21":0,"22":0,"23":0,"24":0,"25":0},"b":{"1":[0,0],"2":[0,0],"3":[0,0],"4":[0,0],"5":[0,0],"6":[0,0]},"f":{"1":0,"2":0,"3":0,"4":0},"fnMap":{"1":{"name":"SiteSettingsViewModel","line":3,"loc":{"start":{"line":3,"column":0},"end":{"line":3,"column":33}}},"2":{"name":"(anonymous_2)","line":11,"loc":{"start":{"line":11,"column":17},"end":{"line":11,"column":29}}},"3":{"name":"(anonymous_3)","line":24,"loc":{"start":{"line":24,"column":17},"end":{"line":24,"column":29}}},"4":{"name":"(anonymous_4)","line":37,"loc":{"start":{"line":37,"column":20},"end":{"line":37,"column":32}}}},"statementMap":{"1":{"start":{"line":2,"column":0},"end":{"line":2,"column":45}},"2":{"start":{"line":3,"column":0},"end":{"line":47,"column":1}},"3":{"start":{"line":4,"column":4},"end":{"line":4,"column":20}},"4":{"start":{"line":5,"column":4},"end":{"line":5,"column":15}},"5":{"start":{"line":6,"column":4},"end":{"line":6,"column":34}},"6":{"start":{"line":7,"column":4},"end":{"line":7,"column":32}},"7":{"start":{"line":8,"column":4},"end":{"line":8,"column":32}},"8":{"start":{"line":9,"column":4},"end":{"line":20,"column":16}},"9":{"start":{"line":12,"column":15},"end":{"line":17,"column":46}},"10":{"start":{"line":13,"column":19},"end":{"line":13,"column":38}},"11":{"start":{"line":14,"column":20},"end":{"line":17,"column":46}},"12":{"start":{"line":15,"column":19},"end":{"line":15,"column":40}},"13":{"start":{"line":17,"column":19},"end":{"line":17,"column":46}},"14":{"start":{"line":22,"column":7},"end":{"line":33,"column":16}},"15":{"start":{"line":25,"column":15},"end":{"line":30,"column":47}},"16":{"start":{"line":26,"column":19},"end":{"line":26,"column":38}},"17":{"start":{"line":27,"column":20},"end":{"line":30,"column":47}},"18":{"start":{"line":28,"column":19},"end":{"line":28,"column":40}},"19":{"start":{"line":30,"column":19},"end":{"line":30,"column":47}},"20":{"start":{"line":35,"column":7},"end":{"line":46,"column":19}},"21":{"start":{"line":38,"column":18},"end":{"line":43,"column":50}},"22":{"start":{"line":39,"column":22},"end":{"line":39,"column":41}},"23":{"start":{"line":40,"column":23},"end":{"line":43,"column":50}},"24":{"start":{"line":41,"column":22},"end":{"line":41,"column":43}},"25":{"start":{"line":43,"column":22},"end":{"line":43,"column":50}}},"branchMap":{"1":{"line":12,"type":"if","locations":[{"start":{"line":12,"column":15},"end":{"line":12,"column":15}},{"start":{"line":12,"column":15},"end":{"line":12,"column":15}}]},"2":{"line":14,"type":"if","locations":[{"start":{"line":14,"column":20},"end":{"line":14,"column":20}},{"start":{"line":14,"column":20},"end":{"line":14,"column":20}}]},"3":{"line":25,"type":"if","locations":[{"start":{"line":25,"column":15},"end":{"line":25,"column":15}},{"start":{"line":25,"column":15},"end":{"line":25,"column":15}}]},"4":{"line":27,"type":"if","locations":[{"start":{"line":27,"column":20},"end":{"line":27,"column":20}},{"start":{"line":27,"column":20},"end":{"line":27,"column":20}}]},"5":{"line":38,"type":"if","locations":[{"start":{"line":38,"column":18},"end":{"line":38,"column":18}},{"start":{"line":38,"column":18},"end":{"line":38,"column":18}}]},"6":{"line":40,"type":"if","locations":[{"start":{"line":40,"column":23},"end":{"line":40,"column":23}},{"start":{"line":40,"column":23},"end":{"line":40,"column":23}}]}}}}