TN:
SF:c:\Users\khurana\Desktop\devops\MiniProject1-vkhuran2\www\js\test.js
FNF:0
FNH:0
DA:1,1
DA:2,0
DA:3,0
LF:3
LH:1
BRF:0
BRH:0
end_of_record
TN:
SF:c:\Users\khurana\Desktop\devops\MiniProject1-vkhuran2\www\js\site.js
FN:3,SiteSettingsViewModel
FN:11,(anonymous_2)
FN:24,(anonymous_3)
FN:37,(anonymous_4)
FNF:4
FNH:0
FNDA:0,SiteSettingsViewModel
FNDA:0,(anonymous_2)
FNDA:0,(anonymous_3)
FNDA:0,(anonymous_4)
DA:2,1
DA:3,1
DA:4,0
DA:5,0
DA:6,0
DA:7,0
DA:8,0
DA:9,0
DA:12,0
DA:13,0
DA:14,0
DA:15,0
DA:17,0
DA:22,0
DA:25,0
DA:26,0
DA:27,0
DA:28,0
DA:30,0
DA:35,0
DA:38,0
DA:39,0
DA:40,0
DA:41,0
DA:43,0
LF:25
LH:2
BRDA:12,1,0,0
BRDA:12,1,1,0
BRDA:14,2,0,0
BRDA:14,2,1,0
BRDA:25,3,0,0
BRDA:25,3,1,0
BRDA:27,4,0,0
BRDA:27,4,1,0
BRDA:38,5,0,0
BRDA:38,5,1,0
BRDA:40,6,0,0
BRDA:40,6,1,0
BRF:12
BRH:0
end_of_record
